#
# There is insufficient memory for the Java Runtime Environment to continue.
# Native memory allocation (malloc) failed to allocate 1048576 bytes for AllocateHeap
# Possible reasons:
#   The system is out of physical RAM or swap space
#   The process is running with CompressedOops enabled, and the Java Heap may be blocking the growth of the native heap
# Possible solutions:
#   Reduce memory load on the system
#   Increase physical memory or swap space
#   Check if swap backing store is full
#   Decrease Java heap size (-Xmx/-Xms)
#   Decrease number of Java threads
#   Decrease Java thread stack sizes (-Xss)
#   Set larger code cache with -XX:ReservedCodeCacheSize=
#   JVM is running with Unscaled Compressed Oops mode in which the Java heap is
#     placed in the first 4GB address space. The Java Heap base address is the
#     maximum limit for the native heap growth. Please use -XX:HeapBaseMinAddress
#     to set the Java Heap base and to place the Java Heap above 4GB virtual address.
# This output file may be truncated or incomplete.
#
#  Out of Memory Error (memory/allocation.inline.hpp:61), pid=20720, tid=0x0000000000005304
#
# JRE version:  (8.0_282-b08) (build )
# Java VM: OpenJDK 64-Bit Server VM (25.282-b08 mixed mode windows-amd64 compressed oops)
# Failed to write core dump. Minidumps are not enabled by default on client versions of Windows
#

---------------  T H R E A D  ---------------

Current thread (0x0000000002893800):  JavaThread "Unknown thread" [_thread_in_vm, id=21252, stack(0x0000000002720000,0x0000000002820000)]

Stack: [0x0000000002720000,0x0000000002820000]
[error occurred during error reporting (printing stack bounds), id 0xc0000005]

Native frames: (J=compiled Java code, j=interpreted, Vv=VM code, C=native code)


---------------  P R O C E S S  ---------------

Java Threads: ( => current thread )

Other Threads:

=>0x0000000002893800 (exited) JavaThread "Unknown thread" [_thread_in_vm, id=21252, stack(0x0000000002720000,0x0000000002820000)]

VM state:not at safepoint (normal execution)

VM Mutex/Monitor currently owned by a thread: None

heap address: 0x00000000fc000000, size: 64 MB, Compressed Oops mode: 32-bit
Narrow klass base: 0x0000000000000000, Narrow klass shift: 3
Compressed class space size: 1073741824 Address: 0x0000000100000000

Heap:
 PSYoungGen      total 18944K, used 327K [0x00000000feb00000, 0x0000000100000000, 0x0000000100000000)
  eden space 16384K, 2% used [0x00000000feb00000,0x00000000feb51ec8,0x00000000ffb00000)
  from space 2560K, 0% used [0x00000000ffd80000,0x00000000ffd80000,0x0000000100000000)
  to   space 2560K, 0% used [0x00000000ffb00000,0x00000000ffb00000,0x00000000ffd80000)
 ParOldGen       total 44032K, used 0K [0x00000000fc000000, 0x00000000feb00000, 0x00000000feb00000)
  object space 44032K, 0% used [0x00000000fc000000,0x00000000fc000000,0x00000000feb00000)
 Metaspace       used 780K, capacity 4480K, committed 4480K, reserved 1056768K
  class space    used 76K, capacity 384K, committed 384K, reserved 1048576K

Card table byte_map: [0x0000000000ec0000,0x0000000000ef0000] byte_map_base: 0x00000000006e0000

Marking Bits: (ParMarkBitMap*) 0x000000005a333420
 Begin Bits: [0x0000000012550000, 0x0000000012650000)
 End Bits:   [0x0000000012650000, 0x0000000012750000)

Polling page: 0x00000000005f0000

CodeCache: size=245760Kb used=328Kb max_used=328Kb free=245431Kb
 bounds [0x0000000002990000, 0x0000000002c00000, 0x0000000011990000]
 total_blobs=57 nmethods=0 adapters=38
 compilation: enabled

Compilation events (0 events):
No events

GC Heap History (0 events):
No events

Deoptimization events (0 events):
No events

Classes redefined (0 events):
No events

Internal exceptions (0 events):
No events

Events (10 events):
Event: 0.016 loading class java/lang/Short
Event: 0.016 loading class java/lang/Short done
Event: 0.016 loading class java/lang/Integer
Event: 0.016 loading class java/lang/Integer done
Event: 0.016 loading class java/lang/Long
Event: 0.016 loading class java/lang/Long done
Event: 0.016 loading class java/lang/NullPointerException
Event: 0.016 loading class java/lang/NullPointerException done
Event: 0.016 loading class java/lang/ArithmeticException
Event: 0.016 loading class java/lang/ArithmeticException done


Dynamic libraries:
0x00007ff63a050000 - 0x00007ff63a085000 	C:\Program Files\OpenJDK\openjdk-8u282-b08\bin\java.exe
0x00007ffb98720000 - 0x00007ffb98910000 	C:\Windows\SYSTEM32\ntdll.dll
0x00007ffb96850000 - 0x00007ffb96902000 	C:\Windows\System32\KERNEL32.DLL
0x00007ffb95fe0000 - 0x00007ffb96283000 	C:\Windows\System32\KERNELBASE.dll
0x00007ffb97820000 - 0x00007ffb978c3000 	C:\Windows\System32\ADVAPI32.dll
0x00007ffb98190000 - 0x00007ffb9822e000 	C:\Windows\System32\msvcrt.dll
0x00007ffb96910000 - 0x00007ffb969a7000 	C:\Windows\System32\sechost.dll
0x00007ffb983b0000 - 0x00007ffb984d0000 	C:\Windows\System32\RPCRT4.dll
0x00007ffb978d0000 - 0x00007ffb97a64000 	C:\Windows\System32\USER32.dll
0x00007ffb95eb0000 - 0x00007ffb95ed1000 	C:\Windows\System32\win32u.dll
0x00007ffb969b0000 - 0x00007ffb969d6000 	C:\Windows\System32\GDI32.dll
0x00007ffb96530000 - 0x00007ffb966c4000 	C:\Windows\System32\gdi32full.dll
0x00007ffb95f40000 - 0x00007ffb95fde000 	C:\Windows\System32\msvcp_win.dll
0x00007ffb96290000 - 0x00007ffb9638a000 	C:\Windows\System32\ucrtbase.dll
0x00007ffb82310000 - 0x00007ffb82595000 	C:\Windows\WinSxS\amd64_microsoft.windows.common-controls_6595b64144ccf1df_6.0.18362.418_none_e6c6b287130d565d\COMCTL32.dll
0x00007ffb96a90000 - 0x00007ffb96dc6000 	C:\Windows\System32\combase.dll
0x00007ffb956b0000 - 0x00007ffb95730000 	C:\Windows\System32\bcryptPrimitives.dll
0x00007ffb98380000 - 0x00007ffb983ae000 	C:\Windows\System32\IMM32.DLL
0x000000005a6e0000 - 0x000000005a7b2000 	C:\Program Files\OpenJDK\openjdk-8u282-b08\jre\bin\msvcr100.dll
0x0000000059b20000 - 0x000000005a3b5000 	C:\Program Files\OpenJDK\openjdk-8u282-b08\jre\bin\server\jvm.dll
0x00007ffb98230000 - 0x00007ffb98238000 	C:\Windows\System32\PSAPI.DLL
0x00007ffb8fc10000 - 0x00007ffb8fc1a000 	C:\Windows\SYSTEM32\VERSION.dll
0x00007ffb77170000 - 0x00007ffb77179000 	C:\Windows\SYSTEM32\WSOCK32.dll
0x00007ffb921f0000 - 0x00007ffb92214000 	C:\Windows\SYSTEM32\WINMM.dll
0x00007ffb977a0000 - 0x00007ffb9780f000 	C:\Windows\System32\WS2_32.dll
0x00007ffb921c0000 - 0x00007ffb921ed000 	C:\Windows\SYSTEM32\WINMMBASE.dll
0x00007ffb964e0000 - 0x00007ffb9652a000 	C:\Windows\System32\cfgmgr32.dll
0x00007ffb79ca0000 - 0x00007ffb79caf000 	C:\Program Files\OpenJDK\openjdk-8u282-b08\jre\bin\verify.dll
0x00007ffb79950000 - 0x00007ffb79979000 	C:\Program Files\OpenJDK\openjdk-8u282-b08\jre\bin\java.dll
0x00007ffb79140000 - 0x00007ffb79156000 	C:\Program Files\OpenJDK\openjdk-8u282-b08\jre\bin\zip.dll

VM Arguments:
jvm_args: -Xmx64m -Xms64m -Dorg.gradle.appname=gradlew 
java_command: org.gradle.wrapper.GradleWrapperMain app:installDebug -PreactNativeDevServerPort=8081
java_class_path (initial): D:\Learn_ReacNative\App_ReactNative\AppWeatherForecast\WeatherForecast\android\\gradle\wrapper\gradle-wrapper.jar
Launcher Type: SUN_STANDARD

Environment Variables:
JAVA_HOME=C:\Program Files\OpenJDK\openjdk-8u282-b08
CLASSPATH=D:\Learn_ReacNative\App_ReactNative\AppWeatherForecast\WeatherForecast\android\\gradle\wrapper\gradle-wrapper.jar
PATH=D:\Learn_ReacNative\App_ReactNative\AppWeatherForecast\WeatherForecast\android\node_modules\.bin;D:\Learn_ReacNative\App_ReactNative\AppWeatherForecast\WeatherForecast\node_modules\.bin;D:\Learn_ReacNative\App_ReactNative\AppWeatherForecast\node_modules\.bin;D:\Learn_ReacNative\App_ReactNative\node_modules\.bin;D:\Learn_ReacNative\node_modules\.bin;D:\node_modules\.bin;C:\Program Files\nodejs;C:\Users\giang\AppData\Local\Temp\yarn--1617242276168-0.7862526890836852;D:\Learn_ReacNative\App_ReactNative\AppWeatherForecast\WeatherForecast\node_modules\.bin;C:\Users\giang\AppData\Local\Yarn\Data\link\node_modules\.bin;C:\Users\giang\AppData\Local\Yarn\bin;C:\Program Files\libexec\lib\node_modules\npm\bin\node-gyp-bin;C:\Program Files\lib\node_modules\npm\bin\node-gyp-bin;C:\Program Files\nodejs\node_modules\npm\bin\node-gyp-bin;C:\Python39\Scripts\;C:\Python39\;C:\Program Files\Common Files\Oracle\Java\javapath;C:\Windows\system32;C:\Windows;C:\Windows\System32\Wbem;C:\Windows\System32\WindowsPowerShell\v1.0\;C:\Windows\System32\OpenSSH\;C:\Program Files (x86)\NVIDIA Corporation\PhysX\Common;C:\Program Files\Git\cmd;C:\ProgramData\chocolatey\bin;C:\Program Files\nodejs\;C:\Program Files\OpenJDK\openjdk-8u282-b08\bin;C:\Users\giang\AppData\Local\Microsoft\WindowsApps;C:\Users\giang\AppData\Local\Programs\Microsoft VS Code\bin;C:\Users\giang\AppData\Local\Android\Sdk\platform-tools;C:\Users\giang\AppData\Roaming\npm
USERNAME=giang
OS=Windows_NT
PROCESSOR_IDENTIFIER=Intel64 Family 6 Model 158 Stepping 10, GenuineIntel



---------------  S Y S T E M  ---------------

OS: Windows 10.0 , 64 bit Build 18362 (10.0.18362.329)

CPU:total 8 (initial active 8) (4 cores per cpu, 2 threads per core) family 6 model 158 stepping 10, cmov, cx8, fxsr, mmx, sse, sse2, sse3, ssse3, sse4.1, sse4.2, popcnt, avx, avx2, aes, clmul, erms, 3dnowpref, lzcnt, ht, tsc, tscinvbit, bmi1, bmi2, adx

Memory: 4k page, physical 8232264k(2227288k free), swap 33398088k(5220k free)

vm_info: OpenJDK 64-Bit Server VM (25.282-b08) for windows-amd64 JRE (1.8.0_282-b08), built on Jan 11 2021 12:17:07 by "build" with MS VC++ 10.0 (VS2010)

time: Thu Apr 01 08:58:18 2021
timezone: SE Asia Standard Time
elapsed time: 0.112594 seconds (0d 0h 0m 0s)

